2025-04-16 15:58:37,652 - INFO - ====== WebDriver manager ======
2025-04-16 15:58:37,730 - INFO - Get LATEST chromedriver version for google-chrome
2025-04-16 15:58:37,999 - INFO - Get LATEST chromedriver version for google-chrome
2025-04-16 15:58:38,192 - INFO - Driver [/home/nandinidalsaniya/.wdm/drivers/chromedriver/linux64/135.0.7049.95/chromedriver-linux64/chromedriver] found in cache
2025-04-16 15:58:40,044 - INFO - patching driver executable /home/nandinidalsaniya/.local/share/undetected_chromedriver/undetected_chromedriver
2025-04-16 15:58:55,829 - INFO - Found 27 categories
2025-04-16 15:58:55,829 - INFO - Current skip list has 1 items
2025-04-16 15:58:55,885 - INFO -   Processing category 1: Fastening & Joining
2025-04-16 15:58:55,916 - INFO -   Processing category 2: Fasteners
2025-04-16 15:58:55,966 - INFO -     Processing item: Screws & Bolts (https://www.mcmaster.com/products/screws/)
2025-04-16 15:59:02,584 - INFO -       [Subcategory index page detected]
2025-04-16 15:59:02,622 - INFO - 
Found 99 subcategory items to process
2025-04-16 15:59:02,723 - INFO - 
Processing item 1/99
2025-04-16 15:59:02,723 - INFO -   Title: Socket Head Screws
2025-04-16 15:59:02,723 - INFO -   Products: 7,873 products
2025-04-16 15:59:02,723 - INFO -   Opening: https://www.mcmaster.com/products/screws/socket-head-screws-2~/
2025-04-16 15:59:18,455 - INFO - Updated skip list saved with 2 items
2025-04-16 15:59:18,455 - INFO -   Added 'Socket Head Screws' to skip list
2025-04-16 15:59:19,685 - INFO - 
Processing item 2/99
2025-04-16 15:59:19,685 - INFO -   Title: Rounded Head Screws
2025-04-16 15:59:19,685 - INFO -   Products: 10,403 products
2025-04-16 15:59:19,685 - INFO -   Opening: https://www.mcmaster.com/products/screws/rounded-head-screws-2~/
2025-04-16 15:59:29,195 - INFO -   [Product page detected]
2025-04-16 15:59:31,268 - INFO - Found 26 sections to process
2025-04-16 15:59:36,474 - WARNING - No tables found for product: About Rounded Head Screws
2025-04-16 15:59:36,474 - INFO - Saving product data to database...
2025-04-16 15:59:36,476 - INFO - Successfully saved: About Rounded Head Screws
2025-04-16 15:59:36,476 - INFO - Updated skip list saved with 3 items
2025-04-16 15:59:36,476 - INFO - Added 'About Rounded Head Screws' to skip list
2025-04-16 15:59:41,852 - WARNING - No tables found for product: Hex Drive Rounded Head Screws
2025-04-16 15:59:41,852 - INFO - Saving product data to database...
2025-04-16 15:59:41,853 - INFO - Successfully saved: Hex Drive Rounded Head Screws
2025-04-16 15:59:41,853 - INFO - Updated skip list saved with 4 items
2025-04-16 15:59:41,853 - INFO - Added 'Hex Drive Rounded Head Screws' to skip list
2025-04-16 15:59:47,292 - WARNING - No tables found for product: Pan Head Phillips Screws
2025-04-16 15:59:47,292 - INFO - Saving product data to database...
2025-04-16 15:59:47,293 - INFO - Successfully saved: Pan Head Phillips Screws
2025-04-16 15:59:47,293 - INFO - Updated skip list saved with 5 items
2025-04-16 15:59:47,293 - INFO - Added 'Pan Head Phillips Screws' to skip list
2025-04-16 15:59:52,509 - WARNING - No tables found for product: Extra-Wide Truss Head Phillips Screws
2025-04-16 15:59:52,509 - INFO - Saving product data to database...
2025-04-16 15:59:52,510 - INFO - Successfully saved: Extra-Wide Truss Head Phillips Screws
2025-04-16 15:59:52,510 - INFO - Updated skip list saved with 6 items
2025-04-16 15:59:52,510 - INFO - Added 'Extra-Wide Truss Head Phillips Screws' to skip list
2025-04-16 15:59:57,701 - WARNING - No tables found for product: Decorative Round Head Phillips Screws
2025-04-16 15:59:57,701 - INFO - Saving product data to database...
2025-04-16 15:59:57,702 - INFO - Successfully saved: Decorative Round Head Phillips Screws
2025-04-16 15:59:57,702 - INFO - Updated skip list saved with 7 items
2025-04-16 15:59:57,702 - INFO - Added 'Decorative Round Head Phillips Screws' to skip list
2025-04-16 16:00:02,929 - WARNING - No tables found for product: Narrow Cheese Head Phillips Screws
2025-04-16 16:00:02,929 - INFO - Saving product data to database...
2025-04-16 16:00:02,930 - INFO - Successfully saved: Narrow Cheese Head Phillips Screws
2025-04-16 16:00:02,930 - INFO - Updated skip list saved with 8 items
2025-04-16 16:00:02,930 - INFO - Added 'Narrow Cheese Head Phillips Screws' to skip list
2025-04-16 16:00:08,104 - WARNING - No tables found for product: High-Profile Narrow Fillister Head Phillips Screws
2025-04-16 16:00:08,104 - INFO - Saving product data to database...
2025-04-16 16:00:08,105 - INFO - Successfully saved: High-Profile Narrow Fillister Head Phillips Screws
2025-04-16 16:00:08,105 - INFO - Updated skip list saved with 9 items
2025-04-16 16:00:08,105 - INFO - Added 'High-Profile Narrow Fillister Head Phillips Screws' to skip list
2025-04-16 16:00:13,465 - WARNING - No tables found for product: Pan Head Slotted Screws
2025-04-16 16:00:13,465 - INFO - Saving product data to database...
2025-04-16 16:00:13,466 - INFO - Successfully saved: Pan Head Slotted Screws
2025-04-16 16:00:13,466 - INFO - Updated skip list saved with 10 items
2025-04-16 16:00:13,466 - INFO - Added 'Pan Head Slotted Screws' to skip list
2025-04-16 16:00:18,707 - WARNING - No tables found for product: Decorative Round Head Slotted Screws
2025-04-16 16:00:18,707 - INFO - Saving product data to database...
2025-04-16 16:00:18,707 - INFO - Successfully saved: Decorative Round Head Slotted Screws
2025-04-16 16:00:18,708 - INFO - Updated skip list saved with 11 items
2025-04-16 16:00:18,708 - INFO - Added 'Decorative Round Head Slotted Screws' to skip list
2025-04-16 16:00:23,626 - INFO - Driver closed successfully
