2025-04-17 12:19:45,120 - INFO - ====== WebDriver manager ======
2025-04-17 12:19:45,192 - INFO - Get LATEST chromedriver version for google-chrome
2025-04-17 12:19:45,352 - INFO - Get LATEST chromedriver version for google-chrome
2025-04-17 12:19:45,501 - INFO - Driver [/home/nandinidalsaniya/.wdm/drivers/chromedriver/linux64/135.0.7049.95/chromedriver-linux64/chromedriver] found in cache
2025-04-17 12:19:47,100 - INFO - patching driver executable /home/nandinidalsaniya/.local/share/undetected_chromedriver/undetected_chromedriver
2025-04-17 12:19:57,756 - INFO - Found 27 categories
2025-04-17 12:19:57,756 - INFO - Current skip list has 2 items
2025-04-17 12:19:57,804 - INFO -  Processing category : Fastening & Joining
2025-04-17 12:19:57,836 - INFO -   Processing sub category 1: Fasteners
2025-04-17 12:19:57,861 - INFO -    Processing sub category 2: Screws & Bolts
2025-04-17 12:19:57,880 - INFO -    Processing item: Screws & Bolts (https://www.mcmaster.com/products/screws/)
2025-04-17 12:20:05,700 - INFO -       [Subcategory index page detected]
2025-04-17 12:20:05,733 - INFO - 
Found 99 subcategory items to process
2025-04-17 12:20:05,828 - INFO - 
Processing item 1/99
2025-04-17 12:20:05,828 - INFO -   Title: Socket Head Screws
2025-04-17 12:20:05,829 - INFO -   Products: 7,873 products
2025-04-17 12:20:05,829 - INFO -   Opening: https://www.mcmaster.com/products/screws/socket-head-screws-2~/
2025-04-17 12:20:47,452 - INFO -   [Types index page detected]
2025-04-17 12:20:47,473 - INFO - 
Found 2 type groups to process
2025-04-17 12:20:47,507 - INFO - 
Processing group 1/2: Socket Head Screws
2025-04-17 12:20:47,507 - INFO -   Contains 42 products
2025-04-17 12:20:47,574 - INFO - 
  Product 1/42: Alloy Steel Socket Head Screws
2025-04-17 12:20:47,574 - INFO -     Link: https://www.mcmaster.com/products/screws/socket-head-screws-2~/alloy-steel-socket-head-screws-8/
2025-04-17 12:20:47,574 - INFO -     Image: https://www.mcmaster.com/mvC/Contents/gfx/ImageCache/900/90044a123-@100p_637644589791018819.png?ver=ImageNotFound
2025-04-17 12:20:47,574 - INFO -     Description: The standard for high-strength fastening....
2025-04-17 12:20:57,908 - INFO - Found 2 sections to process
2025-04-17 12:21:25,665 - INFO - 
Processing product: Alloy Steel Socket Head Screws
2025-04-17 12:21:25,666 - INFO - Found 89 tables to extract
2025-04-17 12:21:28,393 - INFO -   Extracted table 1/89
2025-04-17 12:21:29,643 - INFO -   Extracted table 2/89
2025-04-17 12:21:31,255 - INFO -   Extracted table 3/89
2025-04-17 12:21:35,392 - INFO -   Extracted table 4/89
2025-04-17 12:21:36,647 - INFO -   Extracted table 5/89
2025-04-17 12:21:38,411 - INFO -   Extracted table 6/89
2025-04-17 12:21:39,660 - INFO -   Extracted table 7/89
2025-04-17 12:21:46,009 - INFO -   Extracted table 8/89
2025-04-17 12:21:48,686 - INFO -   Extracted table 9/89
2025-04-17 12:21:52,308 - INFO -   Extracted table 10/89
2025-04-17 12:21:53,166 - INFO -   Extracted table 11/89
2025-04-17 12:22:02,594 - INFO -   Extracted table 12/89
2025-04-17 12:22:04,348 - INFO -   Extracted table 13/89
2025-04-17 12:22:13,507 - INFO -   Extracted table 14/89
2025-04-17 12:22:15,122 - INFO -   Extracted table 15/89
2025-04-17 12:22:26,108 - INFO -   Extracted table 16/89
2025-04-17 12:22:35,260 - INFO -   Extracted table 17/89
2025-04-17 12:22:37,662 - INFO -   Extracted table 18/89
2025-04-17 12:22:52,996 - INFO -   Extracted table 19/89
2025-04-17 12:23:00,577 - INFO -   Extracted table 20/89
2025-04-17 12:23:01,272 - INFO -   Extracted table 21/89
2025-04-17 12:23:13,457 - INFO -   Extracted table 22/89
2025-04-17 12:23:17,971 - INFO -   Extracted table 23/89
2025-04-17 12:23:18,662 - INFO -   Extracted table 24/89
2025-04-17 12:23:32,371 - INFO -   Extracted table 25/89
2025-04-17 12:23:38,065 - INFO -   Extracted table 26/89
2025-04-17 12:23:44,544 - INFO -   Extracted table 27/89
2025-04-17 12:23:48,265 - INFO -   Extracted table 28/89
2025-04-17 12:24:02,035 - INFO -   Extracted table 29/89
2025-04-17 12:24:07,032 - INFO -   Extracted table 30/89
2025-04-17 12:24:08,523 - INFO -   Extracted table 31/89
2025-04-17 12:24:09,500 - INFO -   Extracted table 32/89
2025-04-17 12:24:18,139 - INFO -   Extracted table 33/89
2025-04-17 12:24:20,940 - INFO -   Extracted table 34/89
2025-04-17 12:24:29,199 - INFO -   Extracted table 35/89
2025-04-17 12:24:32,021 - INFO -   Extracted table 36/89
2025-04-17 12:24:35,750 - INFO -   Extracted table 37/89
2025-04-17 12:24:37,136 - INFO -   Extracted table 38/89
2025-04-17 12:24:41,990 - INFO -   Extracted table 39/89
2025-04-17 12:24:42,725 - INFO -   Extracted table 40/89
2025-04-17 12:24:44,739 - INFO -   Extracted table 41/89
2025-04-17 12:24:46,668 - INFO -   Extracted table 42/89
2025-04-17 12:24:47,275 - INFO -   Extracted table 43/89
2025-04-17 12:24:50,224 - INFO -   Extracted table 44/89
2025-04-17 12:24:52,263 - INFO -   Extracted table 45/89
2025-04-17 12:24:53,120 - INFO -   Extracted table 46/89
2025-04-17 12:24:55,389 - INFO -   Extracted table 47/89
2025-04-17 12:24:56,752 - INFO -   Extracted table 48/89
2025-04-17 12:24:57,482 - INFO -   Extracted table 49/89
2025-04-17 12:24:58,195 - INFO -   Extracted table 50/89
2025-04-17 12:24:58,792 - INFO -   Extracted table 51/89
2025-04-17 12:24:59,523 - INFO -   Extracted table 52/89
2025-04-17 12:25:00,121 - INFO -   Extracted table 53/89
2025-04-17 12:25:00,849 - INFO -   Extracted table 54/89
2025-04-17 12:25:01,572 - INFO -   Extracted table 55/89
2025-04-17 12:25:02,322 - INFO -   Extracted table 56/89
2025-04-17 12:25:03,585 - INFO -   Extracted table 57/89
2025-04-17 12:25:05,681 - INFO -   Extracted table 58/89
2025-04-17 12:25:07,903 - INFO -   Extracted table 59/89
2025-04-17 12:25:09,061 - INFO -   Extracted table 60/89
2025-04-17 12:25:16,020 - INFO -   Extracted table 61/89
2025-04-17 12:25:17,043 - INFO -   Extracted table 62/89
2025-04-17 12:25:26,656 - INFO -   Extracted table 63/89
2025-04-17 12:25:37,396 - INFO -   Extracted table 64/89
2025-04-17 12:25:38,747 - INFO -   Extracted table 65/89
2025-04-17 12:25:50,088 - INFO -   Extracted table 66/89
2025-04-17 12:25:50,923 - INFO -   Extracted table 67/89
2025-04-17 12:25:52,406 - INFO -   Extracted table 68/89
2025-04-17 12:26:04,551 - INFO -   Extracted table 69/89
2025-04-17 12:26:05,538 - INFO -   Extracted table 70/89
2025-04-17 12:26:07,260 - INFO -   Extracted table 71/89
2025-04-17 12:26:18,261 - INFO -   Extracted table 72/89
2025-04-17 12:26:19,762 - INFO -   Extracted table 73/89
2025-04-17 12:26:20,872 - INFO -   Extracted table 74/89
2025-04-17 12:26:30,857 - INFO -   Extracted table 75/89
2025-04-17 12:26:34,528 - INFO -   Extracted table 76/89
2025-04-17 12:26:35,633 - INFO -   Extracted table 77/89
2025-04-17 12:26:42,449 - INFO -   Extracted table 78/89
2025-04-17 12:26:45,183 - INFO -   Extracted table 79/89
2025-04-17 12:26:45,895 - INFO -   Extracted table 80/89
2025-04-17 12:26:51,068 - INFO -   Extracted table 81/89
2025-04-17 12:26:52,294 - INFO -   Extracted table 82/89
2025-04-17 12:26:56,068 - INFO -   Extracted table 83/89
2025-04-17 12:26:57,289 - INFO -   Extracted table 84/89
2025-04-17 12:26:59,512 - INFO -   Extracted table 85/89
2025-04-17 12:26:59,984 - INFO -   Extracted table 86/89
2025-04-17 12:27:02,110 - INFO -   Extracted table 87/89
2025-04-17 12:27:02,828 - INFO -   Extracted table 88/89
2025-04-17 12:27:03,668 - INFO -   Extracted table 89/89
2025-04-17 12:27:03,668 - INFO - Saving product data to database...
2025-04-17 12:27:03,675 - INFO - Successfully saved: Alloy Steel Socket Head Screws
2025-04-17 12:27:03,675 - INFO - Updated skip list saved with 3 items
2025-04-17 12:27:03,676 - INFO - Added 'Alloy Steel Socket Head Screws' to skip list
2025-04-17 12:27:04,904 - INFO - 
  Product 2/42: Mil. Spec. Alloy Steel Socket Head Screws
2025-04-17 12:27:04,905 - INFO -     Link: https://www.mcmaster.com/products/screws/socket-head-screws-2~/mil-spec-alloy-steel-socket-head-screws/
2025-04-17 12:27:04,905 - INFO -     Image: https://www.mcmaster.com/mvC/Contents/gfx/ImageCache/922/92200A546p2-b01-digital@100p_637001596237721474.png?ver=ImageNotFound
2025-04-17 12:27:04,905 - INFO -     Description: Choose these screws for their adherence to strict ...
2025-04-17 12:27:13,491 - INFO - Found 2 sections to process
2025-04-17 12:27:14,680 - INFO - 
Processing product: Mil. Spec. Alloy Steel Socket Head Screws
2025-04-17 12:27:14,681 - INFO - Found 1 tables to extract
2025-04-17 12:27:25,630 - INFO -   Extracted table 1/1
2025-04-17 12:27:25,630 - INFO - Saving product data to database...
2025-04-17 12:27:25,631 - INFO - Successfully saved: Mil. Spec. Alloy Steel Socket Head Screws
2025-04-17 12:27:25,632 - INFO - Updated skip list saved with 4 items
2025-04-17 12:27:25,632 - INFO - Added 'Mil. Spec. Alloy Steel Socket Head Screws' to skip list
2025-04-17 12:27:26,788 - INFO - 
  Product 3/42: Torx Alloy Steel Socket Head Screws
2025-04-17 12:27:26,788 - INFO -     Link: https://www.mcmaster.com/products/screws/socket-head-screws-2~/torx-alloy-steel-socket-head-screws/
2025-04-17 12:27:26,788 - INFO -     Image: https://www.mcmaster.com/mvC/Contents/gfx/ImageCache/926/92610a346c1-b01-digital-master1564430326-p9@100p_637016380447116833.png?ver=ImageNotFound
2025-04-17 12:27:26,788 - INFO -     Description: A Torx-Plus drive has more points of contact than ...
2025-04-17 12:27:35,473 - INFO - Found 2 sections to process
2025-04-17 12:27:36,275 - INFO - 
Processing product: Torx Alloy Steel Socket Head Screws
2025-04-17 12:27:36,275 - INFO - Found 1 tables to extract
2025-04-17 12:27:44,050 - INFO -   Extracted table 1/1
2025-04-17 12:27:44,050 - INFO - Saving product data to database...
2025-04-17 12:27:44,052 - INFO - Successfully saved: Torx Alloy Steel Socket Head Screws
2025-04-17 12:27:44,052 - INFO - Updated skip list saved with 5 items
2025-04-17 12:27:44,052 - INFO - Added 'Torx Alloy Steel Socket Head Screws' to skip list
2025-04-17 12:27:45,224 - INFO - 
  Product 4/42: Left-Hand Threaded Alloy
Steel Socket Head Screws
2025-04-17 12:27:45,224 - INFO -     Link: https://www.mcmaster.com/products/screws/socket-head-screws-2~/left-hand-threaded-alloy-steel-socket-head-screws/
2025-04-17 12:27:45,224 - INFO -     Image: https://www.mcmaster.com/mvC/Contents/gfx/ImageCache/900/90044a123--509f2d807281628880583-p9@100p_637644593907981176.png?ver=ImageNotFound
2025-04-17 12:27:45,224 - INFO -     Description: Tighten these screws by turning them to the left; ...
2025-04-17 12:27:54,763 - INFO - Found 2 sections to process
2025-04-17 12:27:55,840 - INFO - 
Processing product: Left-Hand Threaded Alloy Steel Socket Head Screws
2025-04-17 12:27:55,841 - INFO - Found 2 tables to extract
2025-04-17 12:27:59,775 - INFO -   Extracted table 1/2
2025-04-17 12:28:03,900 - INFO -   Extracted table 2/2
2025-04-17 12:28:03,900 - INFO - Saving product data to database...
2025-04-17 12:28:03,902 - INFO - Successfully saved: Left-Hand Threaded Alloy Steel Socket Head Screws
2025-04-17 12:28:03,902 - INFO - Updated skip list saved with 6 items
2025-04-17 12:28:03,902 - INFO - Added 'Left-Hand Threaded Alloy Steel Socket Head Screws' to skip list
2025-04-17 12:28:05,066 - INFO - 
  Product 5/42: High-Temperature Alloy Steel
Socket Head Screws—Grade B7
2025-04-17 12:28:05,066 - INFO -     Link: https://www.mcmaster.com/products/screws/socket-head-screws-2~/high-temperature-alloy-steel-socket-head-screws-grade-b7/
2025-04-17 12:28:05,066 - INFO -     Image: https://www.mcmaster.com/mvC/Contents/gfx/ImageCache/900/90044a123-@100p_637644589791018819.png?ver=ImageNotFound
2025-04-17 12:28:05,066 - INFO -     Description: These screws are specially tempered to meet ASTM A...
2025-04-17 12:28:12,741 - INFO - Found 2 sections to process
2025-04-17 12:28:13,151 - INFO - 
Processing product: High-Temperature Alloy Steel Socket Head Screws—Grade B7
2025-04-17 12:28:13,151 - INFO - Found 1 tables to extract
2025-04-17 12:28:15,053 - INFO -   Extracted table 1/1
2025-04-17 12:28:15,053 - INFO - Saving product data to database...
2025-04-17 12:28:15,054 - INFO - Successfully saved: High-Temperature Alloy Steel Socket Head Screws—Grade B7
2025-04-17 12:28:15,055 - INFO - Updated skip list saved with 7 items
2025-04-17 12:28:15,055 - INFO - Added 'High-Temperature Alloy Steel Socket Head Screws—Grade B7' to skip list
2025-04-17 12:28:16,188 - INFO - 
  Product 6/42: 18-8 Stainless Steel Socket Head Screws
2025-04-17 12:28:16,189 - INFO -     Link: https://www.mcmaster.com/products/screws/socket-head-screws-2~/18-8-stainless-steel-socket-head-screws-11/
2025-04-17 12:28:16,189 - INFO -     Image: https://www.mcmaster.com/mvC/Contents/gfx/ImageCache/921/92185a516-@100p_637619381570046397.png?ver=ImageNotFound
2025-04-17 12:28:16,189 - INFO -     Description: Use these general purpose 18-8 stainless steel scr...
2025-04-17 12:28:22,997 - INFO - Found 2 sections to process
2025-04-17 12:28:38,199 - INFO - 
Processing product: 18-8 Stainless Steel Socket Head Screws
2025-04-17 12:28:38,199 - INFO - Found 61 tables to extract
2025-04-17 12:28:40,797 - INFO -   Extracted table 1/61
2025-04-17 12:28:41,827 - INFO -   Extracted table 2/61
2025-04-17 12:28:43,630 - INFO -   Extracted table 3/61
2025-04-17 12:28:48,146 - INFO -   Extracted table 4/61
2025-04-17 12:28:49,674 - INFO -   Extracted table 5/61
2025-04-17 12:28:51,445 - INFO -   Extracted table 6/61
2025-04-17 12:28:52,808 - INFO -   Extracted table 7/61
2025-04-17 12:28:59,445 - INFO -   Extracted table 8/61
2025-04-17 12:29:00,725 - INFO -   Extracted table 9/61
2025-04-17 12:29:03,078 - INFO -   Extracted table 10/61
2025-04-17 12:29:03,956 - INFO -   Extracted table 11/61
2025-04-17 12:29:11,256 - INFO -   Extracted table 12/61
2025-04-17 12:29:12,969 - INFO -   Extracted table 13/61
2025-04-17 12:29:19,954 - INFO -   Extracted table 14/61
2025-04-17 12:29:21,033 - INFO -   Extracted table 15/61
2025-04-17 12:29:26,924 - INFO -   Extracted table 16/61
2025-04-17 12:29:34,491 - INFO -   Extracted table 17/61
2025-04-17 12:29:35,907 - INFO -   Extracted table 18/61
2025-04-17 12:29:44,631 - INFO -   Extracted table 19/61
2025-04-17 12:29:44,747 - INFO -   Extracted table 20/61
2025-04-17 12:29:49,519 - INFO -   Extracted table 21/61
2025-04-17 12:29:49,637 - INFO -   Extracted table 22/61
2025-04-17 12:29:56,653 - INFO -   Extracted table 23/61
2025-04-17 12:29:56,775 - INFO -   Extracted table 24/61
2025-04-17 12:30:00,504 - INFO -   Extracted table 25/61
2025-04-17 12:30:00,621 - INFO -   Extracted table 26/61
2025-04-17 12:30:06,770 - INFO -   Extracted table 27/61
2025-04-17 12:30:10,167 - INFO -   Extracted table 28/61
2025-04-17 12:30:10,283 - INFO -   Extracted table 29/61
2025-04-17 12:30:12,677 - INFO -   Extracted table 30/61
2025-04-17 12:30:14,418 - INFO -   Extracted table 31/61
2025-04-17 12:30:19,655 - INFO -   Extracted table 32/61
2025-04-17 12:30:22,542 - INFO -   Extracted table 33/61
2025-04-17 12:30:23,779 - INFO -   Extracted table 34/61
2025-04-17 12:30:25,291 - INFO -   Extracted table 35/61
2025-04-17 12:30:29,018 - INFO -   Extracted table 36/61
2025-04-17 12:30:30,862 - INFO -   Extracted table 37/61
2025-04-17 12:30:33,437 - INFO -   Extracted table 38/61
2025-04-17 12:30:34,737 - INFO -   Extracted table 39/61
2025-04-17 12:30:35,852 - INFO -   Extracted table 40/61
2025-04-17 12:30:37,602 - INFO -   Extracted table 41/61
2025-04-17 12:30:38,220 - INFO -   Extracted table 42/61
2025-04-17 12:30:39,089 - INFO -   Extracted table 43/61
2025-04-17 12:30:40,429 - INFO -   Extracted table 44/61
2025-04-17 12:30:43,605 - INFO -   Extracted table 45/61
2025-04-17 12:30:46,152 - INFO -   Extracted table 46/61
2025-04-17 12:30:47,071 - INFO -   Extracted table 47/61
2025-04-17 12:30:51,936 - INFO -   Extracted table 48/61
2025-04-17 12:30:53,107 - INFO -   Extracted table 49/61
2025-04-17 12:31:00,058 - INFO -   Extracted table 50/61
2025-04-17 12:31:05,251 - INFO -   Extracted table 51/61
2025-04-17 12:31:11,044 - INFO -   Extracted table 52/61
2025-04-17 12:31:15,798 - INFO -   Extracted table 53/61
2025-04-17 12:31:19,945 - INFO -   Extracted table 54/61
2025-04-17 12:31:22,949 - INFO -   Extracted table 55/61
2025-04-17 12:31:24,933 - INFO -   Extracted table 56/61
2025-04-17 12:31:27,573 - INFO -   Extracted table 57/61
2025-04-17 12:31:28,297 - INFO -   Extracted table 58/61
2025-04-17 12:31:30,533 - INFO -   Extracted table 59/61
2025-04-17 12:31:31,374 - INFO -   Extracted table 60/61
2025-04-17 12:31:32,614 - INFO -   Extracted table 61/61
2025-04-17 12:31:32,615 - INFO - Saving product data to database...
2025-04-17 12:31:32,621 - INFO - Successfully saved: 18-8 Stainless Steel Socket Head Screws
2025-04-17 12:31:32,621 - INFO - Updated skip list saved with 8 items
2025-04-17 12:31:32,621 - INFO - Added '18-8 Stainless Steel Socket Head Screws' to skip list
2025-04-17 12:31:33,824 - INFO - 
  Product 7/42: Mil. Spec. 18-8 Stainless
Steel Socket Head Screws
2025-04-17 12:31:33,824 - INFO -     Link: https://www.mcmaster.com/products/screws/socket-head-screws-2~/mil-spec-18-8-stainless-steel-socket-head-screws/
2025-04-17 12:31:33,824 - INFO -     Image: https://www.mcmaster.com/mvC/Contents/gfx/ImageCache/922/92200A546p2-b01-digital@100p_637016338356324385.png?ver=ImageNotFound
2025-04-17 12:31:33,824 - INFO -     Description: Choose these screws for their adherence to strict ...
2025-04-17 12:31:44,516 - INFO - Driver closed successfully
