2025-04-16 14:46:20,617 - INFO - ====== WebDriver manager ======
2025-04-16 14:46:20,697 - INFO - Get LATEST chromedriver version for google-chrome
2025-04-16 14:46:20,880 - INFO - Get LATEST chromedriver version for google-chrome
2025-04-16 14:46:21,066 - INFO - Driver [/home/nandinidalsaniya/.wdm/drivers/chromedriver/linux64/135.0.7049.95/chromedriver-linux64/chromedriver] found in cache
2025-04-16 14:46:22,654 - INFO - patching driver executable /home/nandinidalsaniya/.local/share/undetected_chromedriver/undetected_chromedriver
2025-04-16 14:46:53,586 - INFO - Found 27 categories
2025-04-16 14:46:53,586 - INFO - Current skip list has 3 items
2025-04-16 14:46:53,645 - INFO - 
Processing category: Fastening & Joining
2025-04-16 14:46:53,683 - INFO -   Processing subcategory: Fasteners
2025-04-16 14:46:53,733 - INFO -     Processing item: Screws & Bolts (https://www.mcmaster.com/products/screws/)
2025-04-16 14:47:10,356 - INFO -       [Subcategory index page detected]
2025-04-16 14:47:10,405 - INFO - 
Found 99 subcategory items to process
2025-04-16 14:47:10,517 - INFO - 
Processing item 1/99
2025-04-16 14:47:10,517 - INFO -   Title: Socket Head Screws
2025-04-16 14:47:10,517 - INFO -   Products: 7,873 products
2025-04-16 14:47:10,517 - INFO -   Skipping Socket Head Screws - found in skip list
2025-04-16 14:47:10,606 - INFO - 
Processing item 2/99
2025-04-16 14:47:10,606 - INFO -   Title: Rounded Head Screws
2025-04-16 14:47:10,607 - INFO -   Products: 10,403 products
2025-04-16 14:47:10,607 - INFO -   Opening: https://www.mcmaster.com/products/screws/rounded-head-screws-2~/
2025-04-16 14:47:15,439 - INFO -   [Product page detected]
2025-04-16 14:47:17,488 - INFO - Found 26 sections to process
2025-04-16 14:47:22,647 - WARNING - No tables found for product: About Rounded Head Screws
2025-04-16 14:47:22,647 - INFO - Saving product data to database...
2025-04-16 14:47:22,648 - INFO - Successfully saved: About Rounded Head Screws
2025-04-16 14:47:22,649 - INFO - Updated skip list saved with 4 items
2025-04-16 14:47:22,649 - INFO - Added 'About Rounded Head Screws' to skip list
2025-04-16 14:47:27,979 - WARNING - No tables found for product: Hex Drive Rounded Head Screws
2025-04-16 14:47:27,979 - INFO - Saving product data to database...
2025-04-16 14:47:27,980 - INFO - Successfully saved: Hex Drive Rounded Head Screws
2025-04-16 14:47:27,980 - INFO - Updated skip list saved with 5 items
2025-04-16 14:47:27,980 - INFO - Added 'Hex Drive Rounded Head Screws' to skip list
2025-04-16 14:47:29,093 - INFO - Driver closed successfully
