2025-04-16 18:01:15,392 - INFO - ====== WebDriver manager ======
2025-04-16 18:01:15,471 - INFO - Get LATEST chromedriver version for google-chrome
2025-04-16 18:01:15,688 - INFO - Get LATEST chromedriver version for google-chrome
2025-04-16 18:01:15,878 - INFO - Driver [/home/nandinidalsaniya/.wdm/drivers/chromedriver/linux64/135.0.7049.95/chromedriver-linux64/chromedriver] found in cache
2025-04-16 18:01:17,395 - INFO - patching driver executable /home/nandinidalsaniya/.local/share/undetected_chromedriver/undetected_chromedriver
2025-04-16 18:01:28,322 - INFO - Found 27 categories
2025-04-16 18:01:28,322 - INFO - Current skip list has 1 items
2025-04-16 18:01:28,379 - INFO -   Processing category : Fastening & Joining
2025-04-16 18:01:28,417 - INFO -   Processing sub category 1: Fasteners
2025-04-16 18:01:28,442 - INFO -   Processing sub category 2: Screws & Bolts
2025-04-16 18:01:28,468 - INFO -     Processing item: Screws & Bolts (https://www.mcmaster.com/products/screws/)
2025-04-16 18:01:29,579 - INFO -   Processing sub category 2: Threaded Rods & Studs
2025-04-16 18:01:29,596 - INFO -     Processing item: Threaded Rods & Studs (https://www.mcmaster.com/products/threaded-rods/)
2025-04-16 18:01:30,713 - INFO -   Processing sub category 2: Eyebolts
2025-04-16 18:01:30,727 - INFO -     Processing item: Eyebolts (https://www.mcmaster.com/products/eyebolts/)
2025-04-16 18:01:31,882 - INFO -   Processing sub category 2: U-Bolts
2025-04-16 18:01:31,902 - INFO -     Processing item: U-Bolts (https://www.mcmaster.com/products/u-bolts/)
2025-04-16 18:01:33,075 - INFO -   Processing sub category 2: Nuts
2025-04-16 18:01:33,096 - INFO -     Processing item: Nuts (https://www.mcmaster.com/products/nuts/)
2025-04-16 18:01:34,239 - INFO -   Processing sub category 2: Washers
2025-04-16 18:01:34,253 - INFO -     Processing item: Washers (https://www.mcmaster.com/products/standard-washers/)
2025-04-16 18:01:35,432 - INFO -   Processing sub category 2: Shims
2025-04-16 18:01:35,447 - INFO -     Processing item: Shims (https://www.mcmaster.com/products/shims/)
2025-04-16 18:01:36,587 - INFO -   Processing sub category 2: Helical & Threaded Inserts
2025-04-16 18:01:36,601 - INFO -     Processing item: Helical & Threaded Inserts (https://www.mcmaster.com/products/threaded-inserts/)
2025-04-16 18:01:37,743 - INFO -   Processing sub category 2: Spacers & Standoffs
2025-04-16 18:01:37,760 - INFO -     Processing item: Spacers & Standoffs (https://www.mcmaster.com/products/spacers/)
2025-04-16 18:01:38,885 - INFO -   Processing sub category 2: Pins
2025-04-16 18:01:38,901 - INFO -     Processing item: Pins (https://www.mcmaster.com/products/pins/)
2025-04-16 18:01:39,872 - INFO - Driver closed successfully
